<?xml version="1.0" encoding="utf-8"?><testsuite errors="0" failures="0" name="pytest" skips="0" tests="183" time="1.185"><testcase classname="test_submit" file="test_submit.py" line="8" name="test_826" time="0.0006279945373535156"></testcase><testcase classname="test_submit" file="test_submit.py" line="12" name="test_1376" time="0.0004782676696777344"></testcase><testcase classname="test_submit" file="test_submit.py" line="16" name="test_1565" time="0.0005083084106445312"></testcase><testcase classname="test_submit" file="test_submit.py" line="24" name="test_2725" time="0.0003972053527832031"></testcase><testcase classname="test_submit" file="test_submit.py" line="28" name="test_2655" time="0.0009684562683105469"></testcase><testcase classname="test_submit" file="test_submit.py" line="32" name="test_2500" time="0.001980304718017578"></testcase><testcase classname="test_submit" file="test_submit.py" line="40" name="test_1763" time="0.0007691383361816406"></testcase><testcase classname="test_submit" file="test_submit.py" line="44" name="test_168" time="0.0007488727569580078"></testcase><testcase classname="test_submit" file="test_submit.py" line="56" name="test_1304" time="0.0006997585296630859"></testcase><testcase classname="test_submit" file="test_submit.py" line="60" name="test_2600" time="0.0009126663208007812"></testcase><testcase classname="test_submit" file="test_submit.py" line="64" name="test_296" time="0.0006554126739501953"></testcase><testcase classname="test_submit" file="test_submit.py" line="68" name="test_1466" time="0.0034546852111816406"></testcase><testcase classname="test_submit" file="test_submit.py" line="72" name="test_1076" time="0.001135110855102539"></testcase><testcase classname="test_submit" file="test_submit.py" line="76" name="test_1271" time="0.0006999969482421875"></testcase><testcase classname="test_submit" file="test_submit.py" line="96" name="test_2785" time="0.001026153564453125"></testcase><testcase classname="test_submit" file="test_submit.py" line="104" name="test_2895" time="0.0012710094451904297"></testcase><testcase classname="test_submit" file="test_submit.py" line="108" name="test_1394" time="0.0009593963623046875"></testcase><testcase classname="test_submit" file="test_submit.py" line="112" name="test_2465" time="0.0008831024169921875"></testcase><testcase classname="test_submit" file="test_submit.py" line="120" name="test_2730" time="0.0007343292236328125"></testcase><testcase classname="test_submit" file="test_submit.py" line="124" name="test_2620" time="0.0007469654083251953"></testcase><testcase classname="test_submit" file="test_submit.py" line="128" name="test_2340" time="0.0009419918060302734"></testcase><testcase classname="test_submit" file="test_submit.py" line="140" name="test_252" time="0.0011861324310302734"></testcase><testcase classname="test_submit" file="test_submit.py" line="144" name="test_1085" time="0.0032830238342285156"></testcase><testcase classname="test_submit" file="test_submit.py" line="152" name="test_1781" time="0.0021369457244873047"></testcase><testcase classname="test_submit" file="test_submit.py" line="160" name="test_2160" time="0.0010988712310791016"></testcase><testcase classname="test_submit" file="test_submit.py" line="168" name="test_2210" time="0.0014221668243408203"></testcase><testcase classname="test_submit" file="test_submit.py" line="172" name="test_2590" time="0.0008378028869628906"></testcase><testcase classname="test_submit" file="test_submit.py" line="184" name="test_2480" time="0.0009469985961914062"></testcase><testcase classname="test_submit" file="test_submit.py" line="188" name="test_2020" time="0.0008857250213623047"></testcase><testcase classname="test_submit" file="test_submit.py" line="192" name="test_2830" time="0.0007443428039550781"></testcase><testcase classname="test_submit" file="test_submit.py" line="196" name="test_2765" time="0.0007238388061523438"></testcase><testcase classname="test_submit" file="test_submit.py" line="200" name="test_2055" time="0.0020079612731933594"></testcase><testcase classname="test_submit" file="test_submit.py" line="204" name="test_764" time="0.0013778209686279297"></testcase><testcase classname="test_submit" file="test_submit.py" line="208" name="test_1742" time="0.0007350444793701172"></testcase><testcase classname="test_submit" file="test_submit.py" line="212" name="test_1643" time="0.006942272186279297"></testcase><testcase classname="test_submit" file="test_submit.py" line="216" name="test_1790" time="0.002194643020629883"></testcase><testcase classname="test_submit" file="test_submit.py" line="224" name="test_2015" time="0.0007090568542480469"></testcase><testcase classname="test_submit" file="test_submit.py" line="228" name="test_1232" time="0.0005958080291748047"></testcase><testcase classname="test_submit" file="test_submit.py" line="232" name="test_2845" time="0.0007917881011962891"></testcase><testcase classname="test_submit" file="test_submit.py" line="240" name="test_502" time="0.0010747909545898438"></testcase><testcase classname="test_submit" file="test_submit.py" line="244" name="test_1325" time="0.0009303092956542969"></testcase><testcase classname="test_submit" file="test_submit.py" line="248" name="test_1670" time="0.0006735324859619141"></testcase><testcase classname="test_submit" file="test_submit.py" line="252" name="test_1091" time="0.002351045608520508"></testcase><testcase classname="test_submit" file="test_submit.py" line="256" name="test_2455" time="0.0010669231414794922"></testcase><testcase classname="test_submit" file="test_submit.py" line="260" name="test_2975" time="0.0008087158203125"></testcase><testcase classname="test_submit" file="test_submit.py" line="264" name="test_2230" time="0.0013113021850585938"></testcase><testcase classname="test_submit" file="test_submit.py" line="272" name="test_2670" time="0.0007860660552978516"></testcase><testcase classname="test_submit" file="test_submit.py" line="276" name="test_638" time="0.0007801055908203125"></testcase><testcase classname="test_submit" file="test_submit.py" line="280" name="test_1358" time="0.003861665725708008"></testcase><testcase classname="test_submit" file="test_submit.py" line="288" name="test_2365" time="0.0008783340454101562"></testcase><testcase classname="test_submit" file="test_submit.py" line="292" name="test_2715" time="0.0013158321380615234"></testcase><testcase classname="test_submit" file="test_submit.py" line="300" name="test_1121" time="0.0013849735260009766"></testcase><testcase classname="test_submit" file="test_submit.py" line="304" name="test_2105" time="0.0007259845733642578"></testcase><testcase classname="test_submit" file="test_submit.py" line="308" name="test_2065" time="0.0016047954559326172"></testcase><testcase classname="test_submit" file="test_submit.py" line="312" name="test_2930" time="0.0007128715515136719"></testcase><testcase classname="test_submit" file="test_submit.py" line="316" name="test_2925" time="0.0007390975952148438"></testcase><testcase classname="test_submit" file="test_submit.py" line="320" name="test_746" time="0.0008132457733154297"></testcase><testcase classname="test_submit" file="test_submit.py" line="324" name="test_1442" time="0.0008993148803710938"></testcase><testcase classname="test_submit" file="test_submit.py" line="328" name="test_1826" time="0.00293731689453125"></testcase><testcase classname="test_submit" file="test_submit.py" line="332" name="test_1382" time="0.0006554126739501953"></testcase><testcase classname="test_submit" file="test_submit.py" line="344" name="test_2290" time="0.003851652145385742"></testcase><testcase classname="test_submit" file="test_submit.py" line="348" name="test_1055" time="0.004026651382446289"></testcase><testcase classname="test_submit" file="test_submit.py" line="356" name="test_2030" time="0.0007288455963134766"></testcase><testcase classname="test_submit" file="test_submit.py" line="364" name="test_2200" time="0.0008072853088378906"></testcase><testcase classname="test_submit" file="test_submit.py" line="368" name="test_916" time="0.0010712146759033203"></testcase><testcase classname="test_submit" file="test_submit.py" line="372" name="test_1409" time="0.0010986328125"></testcase><testcase classname="test_submit" file="test_submit.py" line="380" name="test_1292" time="0.0038290023803710938"></testcase><testcase classname="test_submit" file="test_submit.py" line="384" name="test_2530" time="0.0008361339569091797"></testcase><testcase classname="test_submit" file="test_submit.py" line="388" name="test_2140" time="0.0021560192108154297"></testcase><testcase classname="test_submit" file="test_submit.py" line="392" name="test_664" time="0.002670764923095703"></testcase><testcase classname="test_submit" file="test_submit.py" line="396" name="test_1313" time="0.0027430057525634766"></testcase><testcase classname="test_submit" file="test_submit.py" line="400" name="test_2755" time="0.0006680488586425781"></testcase><testcase classname="test_submit" file="test_submit.py" line="404" name="test_2305" time="0.0006744861602783203"></testcase><testcase classname="test_submit" file="test_submit.py" line="412" name="test_2965" time="0.0007429122924804688"></testcase><testcase classname="test_submit" file="test_submit.py" line="416" name="test_2060" time="0.0007641315460205078"></testcase><testcase classname="test_submit" file="test_submit.py" line="420" name="test_2625" time="0.0007102489471435547"></testcase><testcase classname="test_submit" file="test_submit.py" line="424" name="test_1295" time="0.0016410350799560547"></testcase><testcase classname="test_submit" file="test_submit.py" line="432" name="test_2555" time="0.0021238327026367188"></testcase><testcase classname="test_submit" file="test_submit.py" line="436" name="test_2610" time="0.001705169677734375"></testcase><testcase classname="test_submit" file="test_submit.py" line="444" name="test_2295" time="0.0023298263549804688"></testcase><testcase classname="test_submit" file="test_submit.py" line="448" name="test_2800" time="0.0015819072723388672"></testcase><testcase classname="test_submit" file="test_submit.py" line="452" name="test_1460" time="0.0007653236389160156"></testcase><testcase classname="test_submit" file="test_submit.py" line="456" name="test_2745" time="0.0010461807250976562"></testcase><testcase classname="test_submit" file="test_submit.py" line="464" name="test_2990" time="0.002936124801635742"></testcase><testcase classname="test_submit" file="test_submit.py" line="476" name="test_2510" time="0.0010597705841064453"></testcase><testcase classname="test_submit" file="test_submit.py" line="480" name="test_934" time="0.0009682178497314453"></testcase><testcase classname="test_submit" file="test_submit.py" line="484" name="test_1130" time="0.0008082389831542969"></testcase><testcase classname="test_submit" file="test_submit.py" line="492" name="test_2810" time="0.0009157657623291016"></testcase><testcase classname="test_submit" file="test_submit.py" line="500" name="test_2695" time="0.0010273456573486328"></testcase><testcase classname="test_submit" file="test_submit.py" line="508" name="test_2645" time="0.0028841495513916016"></testcase><testcase classname="test_submit" file="test_submit.py" line="512" name="test_2185" time="0.0009303092956542969"></testcase><testcase classname="test_submit" file="test_submit.py" line="516" name="test_2580" time="0.0007588863372802734"></testcase><testcase classname="test_submit" file="test_submit.py" line="520" name="test_1148" time="0.0007884502410888672"></testcase><testcase classname="test_submit" file="test_submit.py" line="524" name="test_2780" time="0.002482891082763672"></testcase><testcase classname="test_submit" file="test_submit.py" line="528" name="test_2805" time="0.0007879734039306641"></testcase><testcase classname="test_submit" file="test_submit.py" line="532" name="test_2415" time="0.0007901191711425781"></testcase><testcase classname="test_submit" file="test_submit.py" line="536" name="test_2010" time="0.000797271728515625"></testcase><testcase classname="test_submit" file="test_submit.py" line="540" name="test_2545" time="0.003406047821044922"></testcase><testcase classname="test_submit" file="test_submit.py" line="544" name="test_2700" time="0.001500844955444336"></testcase><testcase classname="test_submit" file="test_submit.py" line="548" name="test_1808" time="0.0005791187286376953"></testcase><testcase classname="test_submit" file="test_submit.py" line="552" name="test_2880" time="0.0006401538848876953"></testcase><testcase classname="test_submit" file="test_submit.py" line="556" name="test_2595" time="0.000782012939453125"></testcase><testcase classname="test_submit" file="test_submit.py" line="560" name="test_2575" time="0.0010228157043457031"></testcase><testcase classname="test_submit" file="test_submit.py" line="568" name="test_2035" time="0.0006258487701416016"></testcase><testcase classname="test_submit" file="test_submit.py" line="572" name="test_2855" time="0.004027128219604492"></testcase><testcase classname="test_submit" file="test_submit.py" line="576" name="test_2450" time="0.0007910728454589844"></testcase><testcase classname="test_submit" file="test_submit.py" line="580" name="test_1064" time="0.0006909370422363281"></testcase><testcase classname="test_submit" file="test_submit.py" line="584" name="test_2410" time="0.001058340072631836"></testcase><testcase classname="test_submit" file="test_submit.py" line="588" name="test_2445" time="0.0018849372863769531"></testcase><testcase classname="test_submit" file="test_submit.py" line="592" name="test_2760" time="0.0008413791656494141"></testcase><testcase classname="test_submit" file="test_submit.py" line="596" name="test_2550" time="0.0007510185241699219"></testcase><testcase classname="test_submit" file="test_submit.py" line="600" name="test_2420" time="0.0012326240539550781"></testcase><testcase classname="test_submit" file="test_submit.py" line="604" name="test_2605" time="0.0012660026550292969"></testcase><testcase classname="test_submit" file="test_submit.py" line="612" name="test_486" time="0.0008087158203125"></testcase><testcase classname="test_submit" file="test_submit.py" line="616" name="test_1172" time="0.011144161224365234"></testcase><testcase classname="test_submit" file="test_submit.py" line="624" name="test_1910" time="0.0007288455963134766"></testcase><testcase classname="test_submit" file="test_submit.py" line="628" name="test_2440" time="0.0011799335479736328"></testcase><testcase classname="test_submit" file="test_submit.py" line="632" name="test_2650" time="0.004675388336181641"></testcase><testcase classname="test_submit" file="test_submit.py" line="636" name="test_1610" time="0.005326986312866211"></testcase><testcase classname="test_submit" file="test_submit.py" line="644" name="test_2025" time="0.00676727294921875"></testcase><testcase classname="test_submit" file="test_submit.py" line="648" name="test_2875" time="0.0006694793701171875"></testcase><testcase classname="test_submit" file="test_submit.py" line="652" name="test_2775" time="0.0010182857513427734"></testcase><testcase classname="test_submit" file="test_submit.py" line="656" name="test_62" time="0.0007140636444091797"></testcase><testcase classname="test_submit" file="test_submit.py" line="660" name="test_1160" time="0.0009660720825195312"></testcase><testcase classname="test_submit" file="test_submit.py" line="664" name="test_1013" time="0.004063606262207031"></testcase><testcase classname="test_submit" file="test_submit.py" line="672" name="test_2125" time="0.000762939453125"></testcase><testcase classname="test_submit" file="test_submit.py" line="676" name="test_2740" time="0.0005710124969482422"></testcase><testcase classname="test_submit" file="test_submit.py" line="684" name="test_1841" time="0.0008020401000976562"></testcase><testcase classname="test_submit" file="test_submit.py" line="688" name="test_2275" time="0.0007700920104980469"></testcase><testcase classname="test_submit" file="test_submit.py" line="692" name="test_2520" time="0.006687164306640625"></testcase><testcase classname="test_submit" file="test_submit.py" line="696" name="test_2425" time="0.0011701583862304688"></testcase><testcase classname="test_submit" file="test_submit.py" line="700" name="test_2505" time="0.002283334732055664"></testcase><testcase classname="test_submit" file="test_submit.py" line="704" name="test_2115" time="0.0034666061401367188"></testcase><testcase classname="test_submit" file="test_submit.py" line="708" name="test_2300" time="0.005984067916870117"></testcase><testcase classname="test_submit" file="test_submit.py" line="712" name="test_1229" time="0.003621816635131836"></testcase><testcase classname="test_submit" file="test_submit.py" line="716" name="test_2350" time="0.0009298324584960938"></testcase><testcase classname="test_submit" file="test_submit.py" line="720" name="test_2935" time="0.0007979869842529297"></testcase><testcase classname="test_submit" file="test_submit.py" line="724" name="test_2205" time="0.0014848709106445312"></testcase><testcase classname="test_submit" file="test_submit.py" line="732" name="test_2470" time="0.0008039474487304688"></testcase><testcase classname="test_submit" file="test_submit.py" line="736" name="test_2940" time="0.0005609989166259766"></testcase><testcase classname="test_submit" file="test_submit.py" line="740" name="test_1535" time="0.0012009143829345703"></testcase><testcase classname="test_submit" file="test_submit.py" line="748" name="test_2860" time="0.002513885498046875"></testcase><testcase classname="test_submit" file="test_submit.py" line="752" name="test_2310" time="0.0007700920104980469"></testcase><testcase classname="test_submit" file="test_submit.py" line="756" name="test_2335" time="0.0008556842803955078"></testcase><testcase classname="test_submit" file="test_submit.py" line="760" name="test_2910" time="0.0008041858673095703"></testcase><testcase classname="test_submit" file="test_submit.py" line="764" name="test_2225" time="0.0007677078247070312"></testcase><testcase classname="test_submit" file="test_submit.py" line="768" name="test_442" time="0.0008153915405273438"></testcase><testcase classname="test_submit" file="test_submit.py" line="772" name="test_1103" time="0.0012841224670410156"></testcase><testcase classname="test_submit" file="test_submit.py" line="776" name="test_1676" time="0.0008730888366699219"></testcase><testcase classname="test_submit" file="test_submit.py" line="780" name="test_1523" time="0.0007479190826416016"></testcase><testcase classname="test_submit" file="test_submit.py" line="784" name="test_2375" time="0.0042972564697265625"></testcase><testcase classname="test_submit" file="test_submit.py" line="788" name="test_2865" time="0.0011091232299804688"></testcase><testcase classname="test_submit" file="test_submit.py" line="792" name="test_2380" time="0.002607107162475586"></testcase><testcase classname="test_submit" file="test_submit.py" line="796" name="test_1538" time="0.0013880729675292969"></testcase><testcase classname="test_submit" file="test_submit.py" line="800" name="test_2705" time="0.0007762908935546875"></testcase><testcase classname="test_submit" file="test_submit.py" line="804" name="test_2145" time="0.0025832653045654297"></testcase><testcase classname="test_submit" file="test_submit.py" line="808" name="test_2040" time="0.0010411739349365234"></testcase><testcase classname="test_submit" file="test_submit.py" line="812" name="test_458" time="0.0005681514739990234"></testcase><testcase classname="test_submit" file="test_submit.py" line="816" name="test_1046" time="0.0006387233734130859"></testcase><testcase classname="test_submit" file="test_submit.py" line="820" name="test_1457" time="0.001415252685546875"></testcase><testcase classname="test_submit" file="test_submit.py" line="824" name="test_1757" time="0.0007381439208984375"></testcase><testcase classname="test_submit" file="test_submit.py" line="828" name="test_2900" time="0.0006527900695800781"></testcase><testcase classname="test_submit" file="test_submit.py" line="832" name="test_2710" time="0.0012547969818115234"></testcase><testcase classname="test_submit" file="test_submit.py" line="836" name="test_2070" time="0.003865957260131836"></testcase><testcase classname="test_submit" file="test_submit.py" line="840" name="test_2970" time="0.0013546943664550781"></testcase><testcase classname="test_submit" file="test_submit.py" line="844" name="test_80" time="0.0011441707611083984"></testcase><testcase classname="test_submit" file="test_submit.py" line="848" name="test_1835" time="0.006911754608154297"></testcase><testcase classname="test_submit" file="test_submit.py" line="852" name="test_2680" time="0.0017781257629394531"></testcase><testcase classname="test_submit" file="test_submit.py" line="856" name="test_2565" time="0.0010638236999511719"></testcase><testcase classname="test_submit" file="test_submit.py" line="860" name="test_2080" time="0.0007619857788085938"></testcase><testcase classname="test_submit" file="test_submit.py" line="864" name="test_2120" time="0.001969575881958008"></testcase><testcase classname="test_submit" file="test_submit.py" line="868" name="test_2250" time="0.0008099079132080078"></testcase><testcase classname="test_submit" file="test_submit.py" line="872" name="test_2270" time="0.000949859619140625"></testcase><testcase classname="test_submit" file="test_submit.py" line="876" name="test_1904" time="0.0014243125915527344"></testcase><testcase classname="test_submit" file="test_submit.py" line="880" name="test_2130" time="0.0007410049438476562"></testcase><testcase classname="test_submit" file="test_submit.py" line="884" name="test_2630" time="0.0006482601165771484"></testcase><testcase classname="test_submit" file="test_submit.py" line="888" name="test_2525" time="0.0042879581451416016"></testcase><testcase classname="test_submit" file="test_submit.py" line="892" name="test_2405" time="0.0008320808410644531"></testcase><testcase classname="test_submit" file="test_submit.py" line="896" name="test_2255" time="0.006058692932128906"></testcase><testcase classname="test_submit" file="test_submit.py" line="900" name="test_1577" time="0.0015978813171386719"></testcase><testcase classname="test_submit" file="test_submit.py" line="904" name="test_2090" time="0.0004813671112060547"></testcase><testcase classname="test_submit" file="test_submit.py" line="908" name="test_2960" time="0.004329204559326172"></testcase><testcase classname="test_submit" file="test_submit.py" line="912" name="test_2260" time="0.0008046627044677734"></testcase></testsuite>